<?xml version="1.0" encoding="UTF-8"?>
<testng-results ignored="0" total="1" passed="1" failed="0" skipped="0">
  <reporter-output>
  </reporter-output>
  <suite started-at="2024-05-14T11:14:23 IST" name="Default suite" finished-at="2024-05-14T11:16:19 IST" duration-ms="116772">
    <groups>
    </groups>
    <test started-at="2024-05-14T11:14:23 IST" name="Default test" finished-at="2024-05-14T11:16:19 IST" duration-ms="116772">
      <class name="com.tests.LumiTest">
        <test-method signature="Lumitest()[pri:0, instance:com.tests.LumiTest@942a29c]" started-at="2024-05-14T11:14:23 IST" name="Lumitest" finished-at="2024-05-14T11:16:19 IST" duration-ms="116702" status="PASS">
          <reporter-output>
          </reporter-output>
        </test-method> <!-- Lumitest -->
      </class> <!-- com.tests.LumiTest -->
    </test> <!-- Default test -->
  </suite> <!-- Default suite -->
</testng-results>
